<?xml version="1.0" encoding="UTF-8"?>
<!-- Generated by org.testng.reporters.JUnitReportReporter -->
<testsuite hostname="Arjun" failures="0" tests="1" name="com.comcast.crm.assertiontest.ContactAssertionTest" time="16.231" errors="0" timestamp="2024-05-17T11:54:14 IST" skipped="0">
  <testcase classname="com.comcast.crm.assertiontest.ContactAssertionTest" name="createContactTest" time="16.231"/>
  <system-out/>
</testsuite> <!-- com.comcast.crm.assertiontest.ContactAssertionTest -->
