<?xml version="1.0" encoding="UTF-8"?>
<!-- Generated by org.testng.reporters.JUnitReportReporter -->
<testsuite hostname="Arjun" failures="0" tests="2" name="com.comcast.crm.orgtest.CreateOrgTest" time="0.017" errors="0" timestamp="2024-05-17T11:05:50 IST" skipped="0">
  <testcase classname="com.comcast.crm.orgtest.CreateOrgTest" name="createOrgWithIndustryTest" time="0.003"/>
  <system-out/>
  <testcase classname="com.comcast.crm.orgtest.CreateOrgTest" name="createOrgTest" time="0.014"/>
  <system-out/>
</testsuite> <!-- com.comcast.crm.orgtest.CreateOrgTest -->
