<?xml version="1.0" encoding="UTF-8"?>
<!-- Generated by org.testng.reporters.JUnitReportReporter -->
<testsuite hostname="Arjun" failures="0" tests="1" name="com.comcast.crm.createorgwithphnnotest.CreateOrgWithPhnNoTest" time="26.349" errors="0" timestamp="2024-05-17T11:52:16 IST" skipped="0">
  <testcase classname="com.comcast.crm.createorgwithphnnotest.CreateOrgWithPhnNoTest" name="createOrgWithPhnNoTest" time="26.349"/>
  <system-out/>
</testsuite> <!-- com.comcast.crm.createorgwithphnnotest.CreateOrgWithPhnNoTest -->
